# JRE version: OpenJDK Runtime Environment Temurin-17.0.5+8 (17.0.5+8) (build 17.0.5+8)
# Java VM: OpenJDK 64-Bit Server VM Temurin-17.0.5+8 (17.0.5+8, mixed mode, emulated-client, tiered, compressed oops, compressed class ptrs, g1 gc, windows-amd64)
GC Precious Log:
 CPUs: 4 total, 4 available
 Memory: 8075M
 Large Page Support: Disabled
 NUMA Support: Disabled
 Compressed Oops: Enabled (32-bit)
 Heap Region Size: 1M
 Heap Min Capacity: 8M
 Heap Initial Capacity: 128M
 Heap Max Capacity: 2020M
 Pre-touch: Disabled
 Parallel Workers: 4
 Concurrent Workers: 1
 Concurrent Refinement Workers: 4
 Periodic GC: Disabled
Heap:
 garbage-first heap   total 133120K, used 39453K [0x0000000081c00000, 0x0000000100000000)
  region size 1024K, 1 young (1024K), 0 survivors (0K)
 Metaspace       used 67641K, committed 68096K, reserved 1114112K
  class space    used 9125K, committed 9344K, reserved 1048576K
GC Heap History (20 events):
Event: 7127.228 GC heap before
{Heap before GC invocations=589 (full 543):
 garbage-first heap   total 133120K, used 39453K [0x0000000081c00000, 0x0000000100000000)
  region size 1024K, 1 young (1024K), 0 survivors (0K)
 Metaspace       used 67641K, committed 68096K, reserved 1114112K
  class space    used 9125K, committed 9344K, reserved 1048576K
}
Event: 7127.268 GC heap after
{Heap after GC invocations=590 (full 544):
 garbage-first heap   total 133120K, used 39453K [0x0000000081c00000, 0x0000000100000000)
  region size 1024K, 0 young (0K), 0 survivors (0K)
 Metaspace       used 67641K, committed 68096K, reserved 1114112K
  class space    used 9125K, committed 9344K, reserved 1048576K
}
Event: 7137.317 GC heap before
{Heap before GC invocations=590 (full 544):
 garbage-first heap   total 133120K, used 39453K [0x0000000081c00000, 0x0000000100000000)
  region size 1024K, 1 young (1024K), 0 survivors (0K)
 Metaspace       used 67641K, committed 68096K, reserved 1114112K
  class space    used 9125K, committed 9344K, reserved 1048576K
}
Event: 7137.360 GC heap after
{Heap after GC invocations=591 (full 545):
 garbage-first heap   total 133120K, used 39453K [0x0000000081c00000, 0x0000000100000000)
  region size 1024K, 0 young (0K), 0 survivors (0K)
 Metaspace       used 67641K, committed 68096K, reserved 1114112K
  class space    used 9125K, committed 9344K, reserved 1048576K
}
Event: 7147.410 GC heap before
{Heap before GC invocations=591 (full 545):
 garbage-first heap   total 133120K, used 39453K [0x0000000081c00000, 0x0000000100000000)
  region size 1024K, 1 young (1024K), 0 survivors (0K)
 Metaspace       used 67641K, committed 68096K, reserved 1114112K
  class space    used 9125K, committed 9344K, reserved 1048576K
}
Event: 7147.450 GC heap after
{Heap after GC invocations=592 (full 546):
 garbage-first heap   total 133120K, used 39453K [0x0000000081c00000, 0x0000000100000000)
  region size 1024K, 0 young (0K), 0 survivors (0K)
 Metaspace       used 67641K, committed 68096K, reserved 1114112K
  class space    used 9125K, committed 9344K, reserved 1048576K
}
Event: 7157.504 GC heap before
{Heap before GC invocations=592 (full 546):
 garbage-first heap   total 133120K, used 39453K [0x0000000081c00000, 0x0000000100000000)
  region size 1024K, 1 young (1024K), 0 survivors (0K)
 Metaspace       used 67641K, committed 68096K, reserved 1114112K
  class space    used 9125K, committed 9344K, reserved 1048576K
}
Event: 7157.543 GC heap after
{Heap after GC invocations=593 (full 547):
 garbage-first heap   total 133120K, used 39453K [0x0000000081c00000, 0x0000000100000000)
  region size 1024K, 0 young (0K), 0 survivors (0K)
 Metaspace       used 67641K, committed 68096K, reserved 1114112K
  class space    used 9125K, committed 9344K, reserved 1048576K
}
Event: 7167.591 GC heap before
{Heap before GC invocations=593 (full 547):
 garbage-first heap   total 133120K, used 39453K [0x0000000081c00000, 0x0000000100000000)
  region size 1024K, 1 young (1024K), 0 survivors (0K)
 Metaspace       used 67641K, committed 68096K, reserved 1114112K
  class space    used 9125K, committed 9344K, reserved 1048576K
}
Event: 7167.627 GC heap after
{Heap after GC invocations=594 (full 548):
 garbage-first heap   total 133120K, used 39453K [0x0000000081c00000, 0x0000000100000000)
  region size 1024K, 0 young (0K), 0 survivors (0K)
 Metaspace       used 67641K, committed 68096K, reserved 1114112K
  class space    used 9125K, committed 9344K, reserved 1048576K
}
Event: 7177.679 GC heap before
{Heap before GC invocations=594 (full 548):
 garbage-first heap   total 133120K, used 39453K [0x0000000081c00000, 0x0000000100000000)
  region size 1024K, 1 young (1024K), 0 survivors (0K)
 Metaspace       used 67641K, committed 68096K, reserved 1114112K
  class space    used 9125K, committed 9344K, reserved 1048576K
}
Event: 7177.716 GC heap after
{Heap after GC invocations=595 (full 549):
 garbage-first heap   total 133120K, used 39453K [0x0000000081c00000, 0x0000000100000000)
  region size 1024K, 0 young (0K), 0 survivors (0K)
 Metaspace       used 67641K, committed 68096K, reserved 1114112K
  class space    used 9125K, committed 9344K, reserved 1048576K
}
Event: 7187.766 GC heap before
{Heap before GC invocations=595 (full 549):
 garbage-first heap   total 133120K, used 39453K [0x0000000081c00000, 0x0000000100000000)
  region size 1024K, 1 young (1024K), 0 survivors (0K)
 Metaspace       used 67641K, committed 68096K, reserved 1114112K
  class space    used 9125K, committed 9344K, reserved 1048576K
}
Event: 7187.803 GC heap after
{Heap after GC invocations=596 (full 550):
 garbage-first heap   total 133120K, used 39453K [0x0000000081c00000, 0x0000000100000000)
  region size 1024K, 0 young (0K), 0 survivors (0K)
 Metaspace       used 67641K, committed 68096K, reserved 1114112K
  class space    used 9125K, committed 9344K, reserved 1048576K
}
Event: 7197.894 GC heap before
{Heap before GC invocations=596 (full 550):
 garbage-first heap   total 133120K, used 39453K [0x0000000081c00000, 0x0000000100000000)
  region size 1024K, 1 young (1024K), 0 survivors (0K)
 Metaspace       used 67641K, committed 68096K, reserved 1114112K
  class space    used 9125K, committed 9344K, reserved 1048576K
}
Event: 7197.934 GC heap after
{Heap after GC invocations=597 (full 551):
 garbage-first heap   total 133120K, used 39453K [0x0000000081c00000, 0x0000000100000000)
  region size 1024K, 0 young (0K), 0 survivors (0K)
 Metaspace       used 67641K, committed 68096K, reserved 1114112K
  class space    used 9125K, committed 9344K, reserved 1048576K
}
Event: 7208.000 GC heap before
{Heap before GC invocations=597 (full 551):
 garbage-first heap   total 133120K, used 39453K [0x0000000081c00000, 0x0000000100000000)
  region size 1024K, 1 young (1024K), 0 survivors (0K)
 Metaspace       used 67641K, committed 68096K, reserved 1114112K
  class space    used 9125K, committed 9344K, reserved 1048576K
}
Event: 7208.036 GC heap after
{Heap after GC invocations=598 (full 552):
 garbage-first heap   total 133120K, used 39453K [0x0000000081c00000, 0x0000000100000000)
  region size 1024K, 0 young (0K), 0 survivors (0K)
 Metaspace       used 67641K, committed 68096K, reserved 1114112K
  class space    used 9125K, committed 9344K, reserved 1048576K
}
Event: 7218.086 GC heap before
{Heap before GC invocations=598 (full 552):
 garbage-first heap   total 133120K, used 39453K [0x0000000081c00000, 0x0000000100000000)
  region size 1024K, 1 young (1024K), 0 survivors (0K)
 Metaspace       used 67641K, committed 68096K, reserved 1114112K
  class space    used 9125K, committed 9344K, reserved 1048576K
}
Event: 7218.120 GC heap after
{Heap after GC invocations=599 (full 553):
 garbage-first heap   total 133120K, used 39453K [0x0000000081c00000, 0x0000000100000000)
  region size 1024K, 0 young (0K), 0 survivors (0K)
 Metaspace       used 67641K, committed 68096K, reserved 1114112K
  class space    used 9125K, committed 9344K, reserved 1048576K
}

